This is pdfTeX, Version 3.14159265-2.6-1.40.19 (TeX Live 2018) (preloaded format=pdflatex 2018.4.16)  1 MAY 2019 08:32
entering extended mode
 restricted \write18 enabled.
 %&-line parsing enabled.
**llncs_format_paper.tex
(./llncs_format_paper.tex
LaTeX2e <2018-04-01> patch level 2
Babel <3.18> and hyphenation patterns for 84 language(s) loaded.
(./llncs.cls
Document Class: llncs 2018/03/10 v2.20 
 LaTeX document class for Lecture Notes in Computer Science
(/usr/local/texlive/2018/texmf-dist/tex/latex/base/article.cls
Document Class: article 2014/09/29 v1.4h Standard LaTeX document class
(/usr/local/texlive/2018/texmf-dist/tex/latex/base/size10.clo
File: size10.clo 2014/09/29 v1.4h Standard LaTeX file (size option)
)
\c@part=\count80
\c@section=\count81
\c@subsection=\count82
\c@subsubsection=\count83
\c@paragraph=\count84
\c@subparagraph=\count85
\c@figure=\count86
\c@table=\count87
\abovecaptionskip=\skip41
\belowcaptionskip=\skip42
\bibindent=\dimen102
)
(/usr/local/texlive/2018/texmf-dist/tex/latex/tools/multicol.sty
Package: multicol 2018/04/01 v1.8r multicolumn formatting (FMi)
\c@tracingmulticols=\count88
\mult@box=\box26
\multicol@leftmargin=\dimen103
\c@unbalance=\count89
\c@collectmore=\count90
\doublecol@number=\count91
\multicoltolerance=\count92
\multicolpretolerance=\count93
\full@width=\dimen104
\page@free=\dimen105
\premulticols=\dimen106
\postmulticols=\dimen107
\multicolsep=\skip43
\multicolbaselineskip=\skip44
\partial@page=\box27
\last@line=\box28
\maxbalancingoverflow=\dimen108
\mult@rightbox=\box29
\mult@grightbox=\box30
\mult@gfirstbox=\box31
\mult@firstbox=\box32
\@tempa=\box33
\@tempa=\box34
\@tempa=\box35
\@tempa=\box36
\@tempa=\box37
\@tempa=\box38
\@tempa=\box39
\@tempa=\box40
\@tempa=\box41
\@tempa=\box42
\@tempa=\box43
\@tempa=\box44
\@tempa=\box45
\@tempa=\box46
\@tempa=\box47
\@tempa=\box48
\@tempa=\box49
\c@columnbadness=\count94
\c@finalcolumnbadness=\count95
\last@try=\dimen109
\multicolovershoot=\dimen110
\multicolundershoot=\dimen111
\mult@nat@firstbox=\box50
\colbreak@box=\box51
\mc@col@check@num=\count96
)
(/usr/local/texlive/2018/texmf-dist/tex/latex/oberdiek/aliascnt.sty
Package: aliascnt 2016/05/16 v1.4 Alias counters (HO)

(/usr/local/texlive/2018/texmf-dist/tex/latex/carlisle/remreset.sty))
\c@chapter=\count97
LaTeX Font Info:    Redeclaring math symbol \Gamma on input line 362.
LaTeX Font Info:    Redeclaring math symbol \Delta on input line 363.
LaTeX Font Info:    Redeclaring math symbol \Theta on input line 364.
LaTeX Font Info:    Redeclaring math symbol \Lambda on input line 365.
LaTeX Font Info:    Redeclaring math symbol \Xi on input line 366.
LaTeX Font Info:    Redeclaring math symbol \Pi on input line 367.
LaTeX Font Info:    Redeclaring math symbol \Sigma on input line 368.
LaTeX Font Info:    Redeclaring math symbol \Upsilon on input line 369.
LaTeX Font Info:    Redeclaring math symbol \Phi on input line 370.
LaTeX Font Info:    Redeclaring math symbol \Psi on input line 371.
LaTeX Font Info:    Redeclaring math symbol \Omega on input line 372.
\tocchpnum=\dimen112
\tocsecnum=\dimen113
\tocsectotal=\dimen114
\tocsubsecnum=\dimen115
\tocsubsectotal=\dimen116
\tocsubsubsecnum=\dimen117
\tocsubsubsectotal=\dimen118
\tocparanum=\dimen119
\tocparatotal=\dimen120
\tocsubparanum=\dimen121
\@tempcntc=\count98
\fnindent=\dimen122
\c@@inst=\count99
\c@@auth=\count100
\c@auco=\count101
\instindent=\dimen123
\authrun=\box52
\authorrunning=\toks14
\tocauthor=\toks15
\titrun=\box53
\titlerunning=\toks16
\toctitle=\toks17
\c@theorem=\count102
\c@case=\count103
\c@conjecture=\count104
\c@corollary=\count105
\c@definition=\count106
\c@example=\count107
\c@exercise=\count108
\c@lemma=\count109
\c@note=\count110
\c@problem=\count111
\c@property=\count112
\c@proposition=\count113
\c@question=\count114
\c@solution=\count115
\c@remark=\count116
\headlineindent=\dimen124
)
(/usr/local/texlive/2018/texmf-dist/tex/latex/graphics/graphicx.sty
Package: graphicx 2017/06/01 v1.1a Enhanced LaTeX Graphics (DPC,SPQR)

(/usr/local/texlive/2018/texmf-dist/tex/latex/graphics/keyval.sty
Package: keyval 2014/10/28 v1.15 key=value parser (DPC)
\KV@toks@=\toks18
)
(/usr/local/texlive/2018/texmf-dist/tex/latex/graphics/graphics.sty
Package: graphics 2017/06/25 v1.2c Standard LaTeX Graphics (DPC,SPQR)

(/usr/local/texlive/2018/texmf-dist/tex/latex/graphics/trig.sty
Package: trig 2016/01/03 v1.10 sin cos tan (DPC)
)
(/usr/local/texlive/2018/texmf-dist/tex/latex/graphics-cfg/graphics.cfg
File: graphics.cfg 2016/06/04 v1.11 sample graphics configuration
)
Package graphics Info: Driver file: pdftex.def on input line 99.

(/usr/local/texlive/2018/texmf-dist/tex/latex/graphics-def/pdftex.def
File: pdftex.def 2018/01/08 v1.0l Graphics/color driver for pdftex
))
\Gin@req@height=\dimen125
\Gin@req@width=\dimen126
)
(/usr/local/texlive/2018/texmf-dist/tex/latex/base/inputenc.sty
Package: inputenc 2018/04/06 v1.3b Input encoding file
\inpenc@prehook=\toks19
\inpenc@posthook=\toks20
)
(/usr/local/texlive/2018/texmf-dist/tex/latex/amsmath/amsmath.sty
Package: amsmath 2017/09/02 v2.17a AMS math features
\@mathmargin=\skip45

For additional information on amsmath, use the `?' option.
(/usr/local/texlive/2018/texmf-dist/tex/latex/amsmath/amstext.sty
Package: amstext 2000/06/29 v2.01 AMS text

(/usr/local/texlive/2018/texmf-dist/tex/latex/amsmath/amsgen.sty
File: amsgen.sty 1999/11/30 v2.0 generic functions
\@emptytoks=\toks21
\ex@=\dimen127
))
(/usr/local/texlive/2018/texmf-dist/tex/latex/amsmath/amsbsy.sty
Package: amsbsy 1999/11/29 v1.2d Bold Symbols
\pmbraise@=\dimen128
)
(/usr/local/texlive/2018/texmf-dist/tex/latex/amsmath/amsopn.sty
Package: amsopn 2016/03/08 v2.02 operator names
)
\inf@bad=\count117
LaTeX Info: Redefining \frac on input line 213.
\uproot@=\count118
\leftroot@=\count119
LaTeX Info: Redefining \overline on input line 375.
\classnum@=\count120
\DOTSCASE@=\count121
LaTeX Info: Redefining \ldots on input line 472.
LaTeX Info: Redefining \dots on input line 475.
LaTeX Info: Redefining \cdots on input line 596.
\Mathstrutbox@=\box54
\strutbox@=\box55
\big@size=\dimen129
LaTeX Font Info:    Redeclaring font encoding OML on input line 712.
LaTeX Font Info:    Redeclaring font encoding OMS on input line 713.


Package amsmath Warning: Unable to redefine math accent \vec.

\macc@depth=\count122
\c@MaxMatrixCols=\count123
\dotsspace@=\muskip10
\c@parentequation=\count124
\dspbrk@lvl=\count125
\tag@help=\toks22
\row@=\count126
\column@=\count127
\maxfields@=\count128
\andhelp@=\toks23
\eqnshift@=\dimen130
\alignsep@=\dimen131
\tagshift@=\dimen132
\tagwidth@=\dimen133
\totwidth@=\dimen134
\lineht@=\dimen135
\@envbody=\toks24
\multlinegap=\skip46
\multlinetaggap=\skip47
\mathdisplay@stack=\toks25
LaTeX Info: Redefining \[ on input line 2817.
LaTeX Info: Redefining \] on input line 2818.
) (/usr/local/texlive/2018/texmf-dist/tex/latex/listings/listings.sty
\lst@mode=\count129
\lst@gtempboxa=\box56
\lst@token=\toks26
\lst@length=\count130
\lst@currlwidth=\dimen136
\lst@column=\count131
\lst@pos=\count132
\lst@lostspace=\dimen137
\lst@width=\dimen138
\lst@newlines=\count133
\lst@lineno=\count134
\lst@maxwidth=\dimen139

(/usr/local/texlive/2018/texmf-dist/tex/latex/listings/lstmisc.sty
File: lstmisc.sty 2015/06/04 1.6 (Carsten Heinz)
\c@lstnumber=\count135
\lst@skipnumbers=\count136
\lst@framebox=\box57
)
(/usr/local/texlive/2018/texmf-dist/tex/latex/listings/listings.cfg
File: listings.cfg 2015/06/04 1.6 listings configuration
))
Package: listings 2015/06/04 1.6 (Carsten Heinz)

(/usr/local/texlive/2018/texmf-dist/tex/latex/amsfonts/amsfonts.sty
Package: amsfonts 2013/01/14 v3.01 Basic AMSFonts support
\symAMSa=\mathgroup4
\symAMSb=\mathgroup5
LaTeX Font Info:    Overwriting math alphabet `\mathfrak' in version `bold'
(Font)                  U/euf/m/n --> U/euf/b/n on input line 106.
)
(/usr/local/texlive/2018/texmf-dist/tex/latex/amsfonts/amssymb.sty
Package: amssymb 2013/01/14 v3.01 AMS font symbols
)
(/usr/local/texlive/2018/texmf-dist/tex/latex/algorithm2e/algorithm2e.sty
Package: algorithm2e 2017/07/18 v5.2 algorithms environments
\c@AlgoLine=\count137

(/usr/local/texlive/2018/texmf-dist/tex/latex/base/ifthen.sty
Package: ifthen 2014/09/29 v1.1c Standard LaTeX ifthen package (DPC)
)
\algocf@hangindent=\skip48

(/usr/local/texlive/2018/texmf-dist/tex/latex/ifoddpage/ifoddpage.sty
Package: ifoddpage 2016/04/23 v1.1 Conditionals for odd/even page detection
\c@checkoddpage=\count138
)
(/usr/local/texlive/2018/texmf-dist/tex/latex/tools/xspace.sty
Package: xspace 2014/10/28 v1.13 Space after command names (DPC,MH)
)
(/usr/local/texlive/2018/texmf-dist/tex/latex/relsize/relsize.sty
Package: relsize 2013/03/29 ver 4.1
)
\skiptotal=\skip49
\skiplinenumber=\skip50
\skiprule=\skip51
\skiphlne=\skip52
\skiptext=\skip53
\skiplength=\skip54
\algomargin=\skip55
\skipalgocfslide=\skip56
\algowidth=\dimen140
\inoutsize=\dimen141
\inoutindent=\dimen142
\interspacetitleruled=\dimen143
\interspacealgoruled=\dimen144
\interspacetitleboxruled=\dimen145
\algocf@ruledwidth=\skip57
\algocf@inoutbox=\box58
\algocf@inputbox=\box59
\AlCapSkip=\skip58
\AlCapHSkip=\skip59
\algoskipindent=\skip60
\algocf@nlbox=\box60
\algocf@hangingbox=\box61
\algocf@untilbox=\box62
\algocf@skipuntil=\skip61
\algocf@capbox=\box63
\algocf@lcaptionbox=\skip62
\algoheightruledefault=\skip63
\algoheightrule=\skip64
\algotitleheightruledefault=\skip65
\algotitleheightrule=\skip66
\c@algocfline=\count139
\c@algocfproc=\count140
\c@algocf=\count141
\algocf@algoframe=\box64
\algocf@algobox=\box65
)
(/usr/local/texlive/2018/texmf-dist/tex/latex/tools/array.sty
Package: array 2018/04/07 v2.4g Tabular extension package (FMi)
\col@sep=\dimen146
\ar@mcellbox=\box66
\extrarowheight=\dimen147
\NC@list=\toks27
\extratabsurround=\skip67
\backup@length=\skip68
\ar@cellbox=\box67
)
(/usr/local/texlive/2018/texmf-dist/tex/latex/url/url.sty
\Urlmuskip=\muskip11
Package: url 2013/09/16  ver 3.4  Verb mode for urls, etc.
)
(/usr/local/texlive/2018/texmf-dist/tex/latex/multirow/multirow.sty
Package: multirow 2016/11/25 v2.2 Span multiple rows of a table
\multirow@colwidth=\skip69
\multirow@cntb=\count142
\multirow@dima=\skip70
\bigstrutjot=\dimen148
)
(/usr/local/texlive/2018/texmf-dist/tex/latex/footmisc/footmisc.sty
Package: footmisc 2011/06/06 v5.5b a miscellany of footnote facilities
\FN@temptoken=\toks28
\footnotemargin=\dimen149
\c@pp@next@reset=\count143
Package footmisc Info: Declaring symbol style bringhurst on input line 855.
Package footmisc Info: Declaring symbol style chicago on input line 863.
Package footmisc Info: Declaring symbol style wiley on input line 872.
Package footmisc Info: Declaring symbol style lamport-robust on input line 883.

Package footmisc Info: Declaring symbol style lamport* on input line 903.
Package footmisc Info: Declaring symbol style lamport*-robust on input line 924
.
)
(/usr/local/texlive/2018/texmf-dist/tex/latex/mdwtools/footnote.sty
Package: footnote 1997/01/28 1.13 Save footnotes around boxes
\fn@notes=\box68
\fn@width=\dimen150
)
(/usr/local/texlive/2018/texmf-dist/tex/latex/threeparttable/threeparttable.sty
Package: threeparttable 2003/06/13  v 3.0
\@tempboxb=\box69
) (/usr/local/texlive/2018/texmf-dist/tex/latex/caption/caption.sty
Package: caption 2016/02/21 v3.3-144 Customizing captions (AR)

(/usr/local/texlive/2018/texmf-dist/tex/latex/caption/caption3.sty
Package: caption3 2016/05/22 v1.7-166 caption3 kernel (AR)
Package caption3 Info: TeX engine: e-TeX on input line 67.
\captionmargin=\dimen151
\captionmargin@=\dimen152
\captionwidth=\dimen153
\caption@tempdima=\dimen154
\caption@indent=\dimen155
\caption@parindent=\dimen156
\caption@hangindent=\dimen157
Package caption Info: Unknown document class (or package),
(caption)             standard defaults will be used.
)

Package caption Warning: Unsupported document class (or package) detected,
(caption)                usage of the caption package is not recommended.
See the caption package documentation for explanation.

Package caption Info: \@makecaption = \long macro:#1#2->\small \vskip \abovecap
tionskip \sbox \@tempboxa {{\bfseries #1.} #2}\ifdim \wd \@tempboxa >\hsize {\b
fseries #1.} #2\par \else \global \@minipagefalse \hb@xt@ \hsize {\hfil \box \@
tempboxa \hfil }\fi \vskip \belowcaptionskip .
\c@ContinuedFloat=\count144
Package caption Info: listings package is loaded.
Package caption Info: threeparttable package is loaded.
) (/usr/local/texlive/2018/texmf-dist/tex/latex/caption/subcaption.sty
Package: subcaption 2016/05/22 v1.1-161 Sub-captions (AR)
\c@subfigure=\count145
\c@subtable=\count146
)
(/usr/local/texlive/2018/texmf-dist/tex/latex/placeins/placeins.sty
Package: placeins 2005/04/18  v 2.2
)
(/usr/local/texlive/2018/texmf-dist/tex/latex/arydshln/arydshln.sty
Package: arydshln 2016/04/28 v1.73 
\dashlinedash=\dimen158
\dashlinegap=\dimen159
\adl@box=\box70
\adl@height=\dimen160
\adl@heightsave=\dimen161
\adl@depth=\dimen162
\adl@depthsave=\dimen163
\adl@finaldepth=\dimen164
\adl@columns=\count147
\adl@ncol=\count148
\adl@currentcolumn=\count149
\adl@currentcolumnsave=\count150
\adl@totalheight=\count151
\adl@totalheightsave=\count152
\adl@dash=\count153
\adl@gap=\count154
\adl@cla=\count155
\adl@clb=\count156
\adl@everyvbox=\toks29
\adl@LTpagetotal=\dimen165
)
(/usr/local/texlive/2018/texmf-dist/tex/latex/morefloats/morefloats.sty
Package: morefloats 2015/07/22 v1.0h Raise limit of unprocessed floats (HMM)

(/usr/local/texlive/2018/texmf-dist/tex/latex/oberdiek/kvoptions.sty
Package: kvoptions 2016/05/16 v3.12 Key value format for package options (HO)

(/usr/local/texlive/2018/texmf-dist/tex/generic/oberdiek/ltxcmds.sty
Package: ltxcmds 2016/05/16 v1.23 LaTeX kernel commands for general use (HO)
)
(/usr/local/texlive/2018/texmf-dist/tex/generic/oberdiek/kvsetkeys.sty
Package: kvsetkeys 2016/05/16 v1.17 Key value parser (HO)

(/usr/local/texlive/2018/texmf-dist/tex/generic/oberdiek/infwarerr.sty
Package: infwarerr 2016/05/16 v1.4 Providing info/warning/error messages (HO)
)
(/usr/local/texlive/2018/texmf-dist/tex/generic/oberdiek/etexcmds.sty
Package: etexcmds 2016/05/16 v1.6 Avoid name clashes with e-TeX commands (HO)

(/usr/local/texlive/2018/texmf-dist/tex/generic/oberdiek/ifluatex.sty
Package: ifluatex 2016/05/16 v1.4 Provides the ifluatex switch (HO)
Package ifluatex Info: LuaTeX not detected.
)
Package etexcmds Info: Could not find \expanded.
(etexcmds)             That can mean that you are not using pdfTeX 1.50 or
(etexcmds)             that some package has redefined \expanded.
(etexcmds)             In the latter case, load this package earlier.
)))
Package morefloats Info: Maximum number of possible floats asked for: 36
(morefloats)             (i.e. 18 more floats).
(morefloats)             LaTeX might run out of memory before this
(morefloats)             (in which case it will notify you).
)
No file paper.aux.
\openout1 = `paper.aux'.

LaTeX Font Info:    Checking defaults for OML/cmm/m/it on input line 52.
LaTeX Font Info:    ... okay on input line 52.
LaTeX Font Info:    Checking defaults for T1/cmr/m/n on input line 52.
LaTeX Font Info:    ... okay on input line 52.
LaTeX Font Info:    Checking defaults for OT1/cmr/m/n on input line 52.
LaTeX Font Info:    ... okay on input line 52.
LaTeX Font Info:    Checking defaults for OMS/cmsy/m/n on input line 52.
LaTeX Font Info:    ... okay on input line 52.
LaTeX Font Info:    Checking defaults for OMX/cmex/m/n on input line 52.
LaTeX Font Info:    ... okay on input line 52.
LaTeX Font Info:    Checking defaults for U/cmr/m/n on input line 52.
LaTeX Font Info:    ... okay on input line 52.
(/usr/local/texlive/2018/texmf-dist/tex/context/base/mkii/supp-pdf.mkii
[Loading MPS to PDF converter (version 2006.09.02).]
\scratchcounter=\count157
\scratchdimen=\dimen166
\scratchbox=\box71
\nofMPsegments=\count158
\nofMParguments=\count159
\everyMPshowfont=\toks30
\MPscratchCnt=\count160
\MPscratchDim=\dimen167
\MPnumerator=\count161
\makeMPintoPDFobject=\count162
\everyMPtoPDFconversion=\toks31
) (/usr/local/texlive/2018/texmf-dist/tex/latex/oberdiek/epstopdf-base.sty
Package: epstopdf-base 2016/05/15 v2.6 Base part for package epstopdf

(/usr/local/texlive/2018/texmf-dist/tex/latex/oberdiek/grfext.sty
Package: grfext 2016/05/16 v1.2 Manage graphics extensions (HO)

(/usr/local/texlive/2018/texmf-dist/tex/generic/oberdiek/kvdefinekeys.sty
Package: kvdefinekeys 2016/05/16 v1.4 Define keys (HO)
))
(/usr/local/texlive/2018/texmf-dist/tex/generic/oberdiek/pdftexcmds.sty
Package: pdftexcmds 2018/01/30 v0.27 Utility functions of pdfTeX for LuaTeX (HO
)

(/usr/local/texlive/2018/texmf-dist/tex/generic/oberdiek/ifpdf.sty
Package: ifpdf 2017/03/15 v3.2 Provides the ifpdf switch
)
Package pdftexcmds Info: LuaTeX not detected.
Package pdftexcmds Info: \pdf@primitive is available.
Package pdftexcmds Info: \pdf@ifprimitive is available.
Package pdftexcmds Info: \pdfdraftmode found.
)
Package epstopdf-base Info: Redefining graphics rule for `.eps' on input line 4
38.
Package grfext Info: Graphics extension search list:
(grfext)             [.pdf,.png,.jpg,.mps,.jpeg,.jbig2,.jb2,.PDF,.PNG,.JPG,.JPE
G,.JBIG2,.JB2,.eps]
(grfext)             \AppendGraphicsExtensions on input line 456.

(/usr/local/texlive/2018/texmf-dist/tex/latex/latexconfig/epstopdf-sys.cfg
File: epstopdf-sys.cfg 2010/07/13 v1.3 Configuration of (r)epstopdf for TeX Liv
e
))
\c@lstlisting=\count163
Package caption Info: Begin \AtBeginDocument code.
Package caption Info: Incompatible package detected (regarding \@caption).
(caption)             \@caption = \long macro:#1[#2]#3->\par \addcontentsline {
\csname ext@#1\endcsname }{#1}{\protect \numberline {\csname the#1\endcsname }{
\ignorespaces #2}}\begingroup \@parboxrestore \@makecaption {\csname fnum@#1\en
dcsname }{\ignorespaces #3}\par \endgroup .


Package caption Warning: Forced redefinition of \caption since the
(caption)                unsupported(!) package option `compatibility=false'
(caption)                was given.
See the caption package documentation for explanation.

Package caption Info: End \AtBeginDocument code.
LaTeX Font Info:    Try loading font information for U+msa on input line 74.
(/usr/local/texlive/2018/texmf-dist/tex/latex/amsfonts/umsa.fd
File: umsa.fd 2013/01/14 v3.01 AMS symbols A
)
LaTeX Font Info:    Try loading font information for U+msb on input line 74.

(/usr/local/texlive/2018/texmf-dist/tex/latex/amsfonts/umsb.fd
File: umsb.fd 2013/01/14 v3.01 AMS symbols B
)
LaTeX Font Info:    Try loading font information for OMS+cmtt on input line 74.

LaTeX Font Info:    No file OMScmtt.fd. on input line 74.


LaTeX Font Warning: Font shape `OMS/cmtt/m/n' undefined
(Font)              using `OMS/cmsy/m/n' instead
(Font)              for symbol `textbraceleft' on input line 74.

Title too long for running head. Please supply
a shorter form with \titlerunning prior to \maketitle

LaTeX Warning: Citation `chen2016report' on page 1 undefined on input line 94.


LaTeX Warning: Citation `shor1997polynomial' on page 1 undefined on input line 
95.

[1

{/usr/local/texlive/2018/texmf-var/fonts/map/pdftex/updmap/pdftex.map}]

LaTeX Warning: Citation `mceliece1978public' on page 2 undefined on input line 
97.


LaTeX Warning: Citation `goppa1970new' on page 2 undefined on input line 97.


LaTeX Warning: Citation `niederreiter1986knapsack' on page 2 undefined on input
 line 97.


LaTeX Warning: Citation `li1994equivalence' on page 2 undefined on input line 9
7.


LaTeX Warning: Citation `monico2000using' on page 2 undefined on input line 99.



LaTeX Warning: Citation `otmani2010cryptanalysis' on page 2 undefined on input 
line 99.


LaTeX Warning: Citation `misoczki2009compact' on page 2 undefined on input line
 99.


LaTeX Warning: Citation `londahl2012new' on page 2 undefined on input line 99.


LaTeX Warning: Citation `baldi2016enhanced' on page 2 undefined on input line 9
9.


LaTeX Warning: Citation `loidreau2017new' on page 2 undefined on input line 99.



LaTeX Warning: Citation `gaborit2018polynomial' on page 2 undefined on input li
ne 99.


LaTeX Warning: Citation `baldi2013optimization' on page 2 undefined on input li
ne 99.


LaTeX Warning: Citation `baldi2008new' on page 2 undefined on input line 99.


LaTeX Warning: Citation `misoczki2013mdpc' on page 2 undefined on input line 99
.


LaTeX Warning: Citation `baldi2018ledakem' on page 2 undefined on input line 99
.


LaTeX Warning: Citation `barreto2017cake' on page 2 undefined on input line 99.



LaTeX Warning: Citation `aragon2017bike' on page 2 undefined on input line 99.


LaTeX Warning: Citation `fabvsivc2017reaction' on page 2 undefined on input lin
e 99.


LaTeX Warning: Citation `guo2016key' on page 2 undefined on input line 99.


LaTeX Warning: Citation `nilsson2019error' on page 2 undefined on input line 99
.


LaTeX Warning: Citation `eisenbarth2009microeliece' on page 2 undefined on inpu
t line 105.


LaTeX Warning: Citation `shoufan2010novel' on page 2 undefined on input line 10
6.


LaTeX Warning: Citation `ghosh2012speed' on page 2 undefined on input line 106.



LaTeX Warning: Citation `heyse2012towards' on page 2 undefined on input line 10
8.


LaTeX Warning: Citation `wang2017fpga' on page 2 undefined on input line 108.


LaTeX Warning: Citation `wang2018fpga' on page 2 undefined on input line 108.


Underfull \vbox (badness 5105) has occurred while \output is active []

 [2]

LaTeX Warning: Citation `heyse2013smaller' on page 3 undefined on input line 11
0.


LaTeX Warning: Citation `von2014lightweight' on page 3 undefined on input line 
110.


LaTeX Warning: Citation `hu2017area' on page 3 undefined on input line 110.

[3]

LaTeX Warning: Citation `aragon2017bike' on page 4 undefined on input line 155.



LaTeX Warning: Citation `aragon2017bike' on page 4 undefined on input line 155.


[4]

LaTeX Warning: Reference `table:notation' on page 5 undefined on input line 240
.


LaTeX Warning: Citation `aragon2017bike' on page 5 undefined on input line 244.



LaTeX Warning: Reference `table:systempar' on page 5 undefined on input line 24
4.


LaTeX Warning: Citation `pqc2017' on page 5 undefined on input line 244.


LaTeX Warning: Reference `alg:bike1_keygen' on page 5 undefined on input line 2
48.


LaTeX Warning: Reference `alg:bike2_keygen' on page 5 undefined on input line 2
50.

[5]

LaTeX Warning: Reference `alg:bike3_keygen' on page 6 undefined on input line 2
52.


LaTeX Warning: Citation `aragon2017bike' on page 6 undefined on input line 263.



LaTeX Warning: Citation `aragon2017bike' on page 6 undefined on input line 274.



LaTeX Warning: Citation `aragon2017bike' on page 6 undefined on input line 286.


[6]

LaTeX Warning: Reference `fig:poly_dense' on page 7 undefined on input line 298
.

Package epstopdf Info: Source file: <./fig/PolyDenseFormat.eps>
(epstopdf)                    date: 2019-04-30 12:18:30
(epstopdf)                    size: 194689 bytes
(epstopdf)             Output file: <./fig/PolyDenseFormat-eps-converted-to.pdf
>
(epstopdf)             Command: <repstopdf --outfile=./fig/PolyDenseFormat-eps-
converted-to.pdf ./fig/PolyDenseFormat.eps>
(epstopdf)             \includegraphics on input line 307.
runsystem(repstopdf --outfile=./fig/PolyDenseFormat-eps-converted-to.pdf ./fig/
PolyDenseFormat.eps)...executed safely (allowed).

Package epstopdf Info: Result file: <./fig/PolyDenseFormat-eps-converted-to.pdf
>
(epstopdf)                    date: 2019-05-01 08:32:13
(epstopdf)                    size: 10097 bytes.
<./fig/PolyDenseFormat-eps-converted-to.pdf, id=43, 342.27875pt x 321.2pt>
File: ./fig/PolyDenseFormat-eps-converted-to.pdf Graphic file (type pdf)
<use ./fig/PolyDenseFormat-eps-converted-to.pdf>
Package pdftex.def Info: ./fig/PolyDenseFormat-eps-converted-to.pdf  used on in
put line 307.
(pdftex.def)             Requested size: 149.26057pt x 140.06885pt.
Package epstopdf Info: Source file: <./fig/PolySparseFormat.eps>
(epstopdf)                    date: 2019-04-30 12:18:30
(epstopdf)                    size: 197413 bytes
(epstopdf)             Output file: <./fig/PolySparseFormat-eps-converted-to.pd
f>
(epstopdf)             Command: <repstopdf --outfile=./fig/PolySparseFormat-eps
-converted-to.pdf ./fig/PolySparseFormat.eps>
(epstopdf)             \includegraphics on input line 313.
runsystem(repstopdf --outfile=./fig/PolySparseFormat-eps-converted-to.pdf ./fig
/PolySparseFormat.eps)...executed safely (allowed).

Package epstopdf Info: Result file: <./fig/PolySparseFormat-eps-converted-to.pd
f>
(epstopdf)                    date: 2019-05-01 08:32:14
(epstopdf)                    size: 11477 bytes.
<./fig/PolySparseFormat-eps-converted-to.pdf, id=44, 361.35pt x 326.21875pt>
File: ./fig/PolySparseFormat-eps-converted-to.pdf Graphic file (type pdf)
<use ./fig/PolySparseFormat-eps-converted-to.pdf>
Package pdftex.def Info: ./fig/PolySparseFormat-eps-converted-to.pdf  used on i
nput line 313.
(pdftex.def)             Requested size: 149.26057pt x 134.75105pt.
Package epstopdf Info: Source file: <./fig/inv_unit.eps>
(epstopdf)                    date: 2019-05-01 08:23:33
(epstopdf)                    size: 220450 bytes
(epstopdf)             Output file: <./fig/inv_unit-eps-converted-to.pdf>
(epstopdf)             Command: <repstopdf --outfile=./fig/inv_unit-eps-convert
ed-to.pdf ./fig/inv_unit.eps>
(epstopdf)             \includegraphics on input line 324.
runsystem(repstopdf --outfile=./fig/inv_unit-eps-converted-to.pdf ./fig/inv_uni
t.eps)...executed safely (allowed).

Package epstopdf Info: Result file: <./fig/inv_unit-eps-converted-to.pdf>
(epstopdf)                    date: 2019-05-01 08:32:14
(epstopdf)                    size: 28873 bytes.
<./fig/inv_unit-eps-converted-to.pdf, id=45, 443.6575pt x 381.425pt>
File: ./fig/inv_unit-eps-converted-to.pdf Graphic file (type pdf)
<use ./fig/inv_unit-eps-converted-to.pdf>
Package pdftex.def Info: ./fig/inv_unit-eps-converted-to.pdf  used on input lin
e 324.
(pdftex.def)             Requested size: 190.91899pt x 164.13759pt.
[7]

LaTeX Warning: Citation `georgieva2015toward' on page 8 undefined on input line
 338.


LaTeX Warning: Citation `hu2015fast' on page 8 undefined on input line 338.


LaTeX Warning: Reference `algo:ITA' on page 8 undefined on input line 338.


LaTeX Warning: Reference `table:ita_example' on page 8 undefined on input line 
338.


LaTeX Warning: Reference `fig:inverter' on page 8 undefined on input line 338.


LaTeX Warning: Reference `algo:ITA' on page 8 undefined on input line 338.

[8 <./fig/PolyDenseFormat-eps-converted-to.pdf> <./fig/PolySparseFormat-eps-con
verted-to.pdf> <./fig/inv_unit-eps-converted-to.pdf>]

LaTeX Warning: Citation `hu2015fast' on page 9 undefined on input line 358.


Underfull \vbox (badness 2538) has occurred while \output is active []

 [9]
Underfull \vbox (badness 10000) has occurred while \output is active []

 [10]
Overfull \hbox (8.33705pt too wide) in paragraph at lines 455--458
[]\OT1/cmr/m/n/10 In or-der to com-pute the co-ef-fi-cient vec-tor $[[]\OML/cmm
/m/it/10 ; []; []  ; []\OT1/cmr/m/n/10 ] = [[]\OML/cmm/m/it/10 ; []; []  ; []\O
T1/cmr/m/n/10 ] \OMS/cmsy/m/n/10 ^^A
 []


LaTeX Warning: Reference `fig:pipeline_squ' on page 11 undefined on input line 
478.

Package epstopdf Info: Source file: <./fig/barrel1.eps>
(epstopdf)                    date: 2019-05-01 08:23:33
(epstopdf)                    size: 201103 bytes
(epstopdf)             Output file: <./fig/barrel1-eps-converted-to.pdf>
(epstopdf)             Command: <repstopdf --outfile=./fig/barrel1-eps-converte
d-to.pdf ./fig/barrel1.eps>
(epstopdf)             \includegraphics on input line 491.
runsystem(repstopdf --outfile=./fig/barrel1-eps-converted-to.pdf ./fig/barrel1.
eps)...executed safely (allowed).

Package epstopdf Info: Result file: <./fig/barrel1-eps-converted-to.pdf>
(epstopdf)                    date: 2019-05-01 08:32:15
(epstopdf)                    size: 14498 bytes.
<./fig/barrel1-eps-converted-to.pdf, id=136, 489.83pt x 139.52126pt>
File: ./fig/barrel1-eps-converted-to.pdf Graphic file (type pdf)
<use ./fig/barrel1-eps-converted-to.pdf>
Package pdftex.def Info: ./fig/barrel1-eps-converted-to.pdf  used on input line
 491.
(pdftex.def)             Requested size: 173.56177pt x 49.43564pt.
Package epstopdf Info: Source file: <./fig/barrel2.eps>
(epstopdf)                    date: 2019-05-01 08:23:33
(epstopdf)                    size: 197961 bytes
(epstopdf)             Output file: <./fig/barrel2-eps-converted-to.pdf>
(epstopdf)             Command: <repstopdf --outfile=./fig/barrel2-eps-converte
d-to.pdf ./fig/barrel2.eps>
(epstopdf)             \includegraphics on input line 497.
runsystem(repstopdf --outfile=./fig/barrel2-eps-converted-to.pdf ./fig/barrel2.
eps)...executed safely (allowed).

Package epstopdf Info: Result file: <./fig/barrel2-eps-converted-to.pdf>
(epstopdf)                    date: 2019-05-01 08:32:15
(epstopdf)                    size: 11986 bytes.
<./fig/barrel2-eps-converted-to.pdf, id=137, 345.29pt x 130.4875pt>
File: ./fig/barrel2-eps-converted-to.pdf Graphic file (type pdf)
<use ./fig/barrel2-eps-converted-to.pdf>
Package pdftex.def Info: ./fig/barrel2-eps-converted-to.pdf  used on input line
 497.
(pdftex.def)             Requested size: 138.84729pt x 52.47083pt.
Package epstopdf Info: Source file: <./fig/pipeline_square.eps>
(epstopdf)                    date: 2019-05-01 08:23:33
(epstopdf)                    size: 218755 bytes
(epstopdf)             Output file: <./fig/pipeline_square-eps-converted-to.pdf
>
(epstopdf)             Command: <repstopdf --outfile=./fig/pipeline_square-eps-
converted-to.pdf ./fig/pipeline_square.eps>
(epstopdf)             \includegraphics on input line 507.
runsystem(repstopdf --outfile=./fig/pipeline_square-eps-converted-to.pdf ./fig/
pipeline_square.eps)...executed safely (allowed).

Package epstopdf Info: Result file: <./fig/pipeline_square-eps-converted-to.pdf
>
(epstopdf)                    date: 2019-05-01 08:32:16
(epstopdf)                    size: 31275 bytes.
<./fig/pipeline_square-eps-converted-to.pdf, id=138, 485.815pt x 291.0875pt>
File: ./fig/pipeline_square-eps-converted-to.pdf Graphic file (type pdf)
<use ./fig/pipeline_square-eps-converted-to.pdf>
Package pdftex.def Info: ./fig/pipeline_square-eps-converted-to.pdf  used on in
put line 507.
(pdftex.def)             Requested size: 156.20453pt x 93.58961pt.
Package epstopdf Info: Source file: <./fig/pipeline_square2.eps>
(epstopdf)                    date: 2019-05-01 08:23:33
(epstopdf)                    size: 220677 bytes
(epstopdf)             Output file: <./fig/pipeline_square2-eps-converted-to.pd
f>
(epstopdf)             Command: <repstopdf --outfile=./fig/pipeline_square2-eps
-converted-to.pdf ./fig/pipeline_square2.eps>
(epstopdf)             \includegraphics on input line 513.
runsystem(repstopdf --outfile=./fig/pipeline_square2-eps-converted-to.pdf ./fig
/pipeline_square2.eps)...executed safely (allowed).

Package epstopdf Info: Result file: <./fig/pipeline_square2-eps-converted-to.pd
f>
(epstopdf)                    date: 2019-05-01 08:32:17
(epstopdf)                    size: 34148 bytes.
<./fig/pipeline_square2-eps-converted-to.pdf, id=139, 484.81125pt x 291.0875pt>

File: ./fig/pipeline_square2-eps-converted-to.pdf Graphic file (type pdf)
<use ./fig/pipeline_square2-eps-converted-to.pdf>
Package pdftex.def Info: ./fig/pipeline_square2-eps-converted-to.pdf  used on i
nput line 513.
(pdftex.def)             Requested size: 156.20453pt x 93.78949pt.
[11]

LaTeX Warning: Reference `fig:gmul_ill1' on page 12 undefined on input line 562
.


LaTeX Warning: Reference `fig:gmul_ill2' on page 12 undefined on input line 562
.


LaTeX Warning: Reference `fig:gmul_ill3' on page 12 undefined on input line 562
.

[12 <./fig/barrel1-eps-converted-to.pdf> <./fig/barrel2-eps-converted-to.pdf> <
./fig/pipeline_square-eps-converted-to.pdf> <./fig/pipeline_square2-eps-convert
ed-to.pdf>]

LaTeX Warning: Reference `alg:generic_mul' on page 13 undefined on input line 5
64.


LaTeX Warning: Reference `fig:gmul_core' on page 13 undefined on input line 575
.


LaTeX Warning: Reference `fig:pipeline_gmul' on page 13 undefined on input line
 575.

Package epstopdf Info: Source file: <./fig/pipeline_dsnmul.eps>
(epstopdf)                    date: 2019-05-01 08:23:33
(epstopdf)                    size: 233861 bytes
(epstopdf)             Output file: <./fig/pipeline_dsnmul-eps-converted-to.pdf
>
(epstopdf)             Command: <repstopdf --outfile=./fig/pipeline_dsnmul-eps-
converted-to.pdf ./fig/pipeline_dsnmul.eps>
(epstopdf)             \includegraphics on input line 620.
runsystem(repstopdf --outfile=./fig/pipeline_dsnmul-eps-converted-to.pdf ./fig/
pipeline_dsnmul.eps)...executed safely (allowed).

Package epstopdf Info: Result file: <./fig/pipeline_dsnmul-eps-converted-to.pdf
>
(epstopdf)                    date: 2019-05-01 08:32:17
(epstopdf)                    size: 33951 bytes.
<./fig/pipeline_dsnmul-eps-converted-to.pdf, id=231, 367.3725pt x 301.125pt>
File: ./fig/pipeline_dsnmul-eps-converted-to.pdf Graphic file (type pdf)
<use ./fig/pipeline_dsnmul-eps-converted-to.pdf>
Package pdftex.def Info: ./fig/pipeline_dsnmul-eps-converted-to.pdf  used on in
put line 620.
(pdftex.def)             Requested size: 163.14848pt x 133.7314pt.
Package epstopdf Info: Source file: <./fig/pipeline_dsnmul2.eps>
(epstopdf)                    date: 2019-05-01 08:23:33
(epstopdf)                    size: 235480 bytes
(epstopdf)             Output file: <./fig/pipeline_dsnmul2-eps-converted-to.pd
f>
(epstopdf)             Command: <repstopdf --outfile=./fig/pipeline_dsnmul2-eps
-converted-to.pdf ./fig/pipeline_dsnmul2.eps>
(epstopdf)             \includegraphics on input line 626.
runsystem(repstopdf --outfile=./fig/pipeline_dsnmul2-eps-converted-to.pdf ./fig
/pipeline_dsnmul2.eps)...executed safely (allowed).

Package epstopdf Info: Result file: <./fig/pipeline_dsnmul2-eps-converted-to.pd
f>
(epstopdf)                    date: 2019-05-01 08:32:18
(epstopdf)                    size: 34990 bytes.
<./fig/pipeline_dsnmul2-eps-converted-to.pdf, id=232, 368.37625pt x 301.125pt>
File: ./fig/pipeline_dsnmul2-eps-converted-to.pdf Graphic file (type pdf)
<use ./fig/pipeline_dsnmul2-eps-converted-to.pdf>
Package pdftex.def Info: ./fig/pipeline_dsnmul2-eps-converted-to.pdf  used on i
nput line 626.
(pdftex.def)             Requested size: 163.14848pt x 133.36382pt.
Package epstopdf Info: Source file: <./fig/generic_mul_illustrate.eps>
(epstopdf)                    date: 2019-05-01 08:23:33
(epstopdf)                    size: 225059 bytes
(epstopdf)             Output file: <./fig/generic_mul_illustrate-eps-converted
-to.pdf>
(epstopdf)             Command: <repstopdf --outfile=./fig/generic_mul_illustra
te-eps-converted-to.pdf ./fig/generic_mul_illustrate.eps>
(epstopdf)             \includegraphics on input line 637.
runsystem(repstopdf --outfile=./fig/generic_mul_illustrate-eps-converted-to.pdf
 ./fig/generic_mul_illustrate.eps)...executed safely (allowed).

Package epstopdf Info: Result file: <./fig/generic_mul_illustrate-eps-converted
-to.pdf>
(epstopdf)                    date: 2019-05-01 08:32:19
(epstopdf)                    size: 21286 bytes.
<./fig/generic_mul_illustrate-eps-converted-to.pdf, id=233, 669.50125pt x 248.9
3pt>
File: ./fig/generic_mul_illustrate-eps-converted-to.pdf Graphic file (type pdf)

<use ./fig/generic_mul_illustrate-eps-converted-to.pdf>
Package pdftex.def Info: ./fig/generic_mul_illustrate-eps-converted-to.pdf  use
d on input line 637.
(pdftex.def)             Requested size: 163.14848pt x 60.65982pt.
Package epstopdf Info: Source file: <./fig/generic_mul_illustrate2.eps>
(epstopdf)                    date: 2019-05-01 08:23:33
(epstopdf)                    size: 223729 bytes
(epstopdf)             Output file: <./fig/generic_mul_illustrate2-eps-converte
d-to.pdf>
(epstopdf)             Command: <repstopdf --outfile=./fig/generic_mul_illustra
te2-eps-converted-to.pdf ./fig/generic_mul_illustrate2.eps>
(epstopdf)             \includegraphics on input line 643.
runsystem(repstopdf --outfile=./fig/generic_mul_illustrate2-eps-converted-to.pd
f ./fig/generic_mul_illustrate2.eps)...executed safely (allowed).

Package epstopdf Info: Result file: <./fig/generic_mul_illustrate2-eps-converte
d-to.pdf>
(epstopdf)                    date: 2019-05-01 08:32:19
(epstopdf)                    size: 18307 bytes.
<./fig/generic_mul_illustrate2-eps-converted-to.pdf, id=234, 669.50125pt x 248.
93pt>
File: ./fig/generic_mul_illustrate2-eps-converted-to.pdf Graphic file (type pdf
)
<use ./fig/generic_mul_illustrate2-eps-converted-to.pdf>
Package pdftex.def Info: ./fig/generic_mul_illustrate2-eps-converted-to.pdf  us
ed on input line 643.
(pdftex.def)             Requested size: 163.14848pt x 60.65982pt.
Package epstopdf Info: Source file: <./fig/generic_mul_illustrate3.eps>
(epstopdf)                    date: 2019-05-01 08:23:33
(epstopdf)                    size: 223740 bytes
(epstopdf)             Output file: <./fig/generic_mul_illustrate3-eps-converte
d-to.pdf>
(epstopdf)             Command: <repstopdf --outfile=./fig/generic_mul_illustra
te3-eps-converted-to.pdf ./fig/generic_mul_illustrate3.eps>
(epstopdf)             \includegraphics on input line 649.
runsystem(repstopdf --outfile=./fig/generic_mul_illustrate3-eps-converted-to.pd
f ./fig/generic_mul_illustrate3.eps)...executed safely (allowed).

Package epstopdf Info: Result file: <./fig/generic_mul_illustrate3-eps-converte
d-to.pdf>
(epstopdf)                    date: 2019-05-01 08:32:20
(epstopdf)                    size: 19103 bytes.
<./fig/generic_mul_illustrate3-eps-converted-to.pdf, id=235, 670.505pt x 248.93
pt>
File: ./fig/generic_mul_illustrate3-eps-converted-to.pdf Graphic file (type pdf
)
<use ./fig/generic_mul_illustrate3-eps-converted-to.pdf>
Package pdftex.def Info: ./fig/generic_mul_illustrate3-eps-converted-to.pdf  us
ed on input line 649.
(pdftex.def)             Requested size: 163.14848pt x 60.56865pt.
Package epstopdf Info: Source file: <./fig/dsnmul_core.eps>
(epstopdf)                    date: 2019-04-30 12:18:30
(epstopdf)                    size: 250813 bytes
(epstopdf)             Output file: <./fig/dsnmul_core-eps-converted-to.pdf>
(epstopdf)             Command: <repstopdf --outfile=./fig/dsnmul_core-eps-conv
erted-to.pdf ./fig/dsnmul_core.eps>
(epstopdf)             \includegraphics on input line 659.
runsystem(repstopdf --outfile=./fig/dsnmul_core-eps-converted-to.pdf ./fig/dsnm
ul_core.eps)...executed safely (allowed).

Package epstopdf Info: Result file: <./fig/dsnmul_core-eps-converted-to.pdf>
(epstopdf)                    date: 2019-05-01 08:32:20
(epstopdf)                    size: 17888 bytes.
<./fig/dsnmul_core-eps-converted-to.pdf, id=236, 572.1375pt x 618.31pt>
File: ./fig/dsnmul_core-eps-converted-to.pdf Graphic file (type pdf)
<use ./fig/dsnmul_core-eps-converted-to.pdf>
Package pdftex.def Info: ./fig/dsnmul_core-eps-converted-to.pdf  used on input 
line 659.
(pdftex.def)             Requested size: 190.91899pt x 206.32611pt.

LaTeX Warning: Reference `fig:pipeline_gmul2' on page 13 undefined on input lin
e 663.

[13 <./fig/pipeline_dsnmul-eps-converted-to.pdf> <./fig/pipeline_dsnmul2-eps-co
nverted-to.pdf>]
Underfull \vbox (badness 4391) has occurred while \output is active []

 [14 <./fig/generic_mul_illustrate-eps-converted-to.pdf> <./fig/generic_mul_ill
ustrate2-eps-converted-to.pdf> <./fig/generic_mul_illustrate3-eps-converted-to.
pdf>]

LaTeX Warning: Reference `fig:pipeline_mul' on page 15 undefined on input line 
688.

[15 <./fig/dsnmul_core-eps-converted-to.pdf>]
Package epstopdf Info: Source file: <./fig/barrel1.eps>
(epstopdf)                    date: 2019-05-01 08:23:33
(epstopdf)                    size: 201103 bytes
(epstopdf)             Output file: <./fig/barrel1-eps-converted-to.pdf>
(epstopdf)                    date: 2019-05-01 08:32:15
(epstopdf)                    size: 14498 bytes
(epstopdf)             Command: <repstopdf --outfile=./fig/barrel1-eps-converte
d-to.pdf ./fig/barrel1.eps>
(epstopdf)             \includegraphics on input line 719.
Package epstopdf Info: Output file is already uptodate.
File: ./fig/barrel1-eps-converted-to.pdf Graphic file (type pdf)
<use ./fig/barrel1-eps-converted-to.pdf>
Package pdftex.def Info: ./fig/barrel1-eps-converted-to.pdf  used on input line
 719.
(pdftex.def)             Requested size: 173.56177pt x 49.43564pt.
Package epstopdf Info: Source file: <./fig/barrel2.eps>
(epstopdf)                    date: 2019-05-01 08:23:33
(epstopdf)                    size: 197961 bytes
(epstopdf)             Output file: <./fig/barrel2-eps-converted-to.pdf>
(epstopdf)                    date: 2019-05-01 08:32:15
(epstopdf)                    size: 11986 bytes
(epstopdf)             Command: <repstopdf --outfile=./fig/barrel2-eps-converte
d-to.pdf ./fig/barrel2.eps>
(epstopdf)             \includegraphics on input line 725.
Package epstopdf Info: Output file is already uptodate.
File: ./fig/barrel2-eps-converted-to.pdf Graphic file (type pdf)
<use ./fig/barrel2-eps-converted-to.pdf>
Package pdftex.def Info: ./fig/barrel2-eps-converted-to.pdf  used on input line
 725.
(pdftex.def)             Requested size: 138.84729pt x 52.47083pt.
Package epstopdf Info: Source file: <./fig/pipeline_mul.eps>
(epstopdf)                    date: 2019-05-01 08:23:33
(epstopdf)                    size: 228188 bytes
(epstopdf)             Output file: <./fig/pipeline_mul-eps-converted-to.pdf>
(epstopdf)             Command: <repstopdf --outfile=./fig/pipeline_mul-eps-con
verted-to.pdf ./fig/pipeline_mul.eps>
(epstopdf)             \includegraphics on input line 735.
runsystem(repstopdf --outfile=./fig/pipeline_mul-eps-converted-to.pdf ./fig/pip
eline_mul.eps)...executed safely (allowed).

Package epstopdf Info: Result file: <./fig/pipeline_mul-eps-converted-to.pdf>
(epstopdf)                    date: 2019-05-01 08:32:21
(epstopdf)                    size: 38362 bytes.
<./fig/pipeline_mul-eps-converted-to.pdf, id=428, 454.69875pt x 301.125pt>
File: ./fig/pipeline_mul-eps-converted-to.pdf Graphic file (type pdf)
<use ./fig/pipeline_mul-eps-converted-to.pdf>
Package pdftex.def Info: ./fig/pipeline_mul-eps-converted-to.pdf  used on input
 line 735.
(pdftex.def)             Requested size: 163.14848pt x 108.04651pt.
Package epstopdf Info: Source file: <./fig/pipeline_mul2.eps>
(epstopdf)                    date: 2019-05-01 08:23:33
(epstopdf)                    size: 226187 bytes
(epstopdf)             Output file: <./fig/pipeline_mul2-eps-converted-to.pdf>
(epstopdf)             Command: <repstopdf --outfile=./fig/pipeline_mul2-eps-co
nverted-to.pdf ./fig/pipeline_mul2.eps>
(epstopdf)             \includegraphics on input line 741.
runsystem(repstopdf --outfile=./fig/pipeline_mul2-eps-converted-to.pdf ./fig/pi
peline_mul2.eps)...executed safely (allowed).

Package epstopdf Info: Result file: <./fig/pipeline_mul2-eps-converted-to.pdf>
(epstopdf)                    date: 2019-05-01 08:32:22
(epstopdf)                    size: 36536 bytes.
<./fig/pipeline_mul2-eps-converted-to.pdf, id=429, 481.8pt x 302.12875pt>
File: ./fig/pipeline_mul2-eps-converted-to.pdf Graphic file (type pdf)
<use ./fig/pipeline_mul2-eps-converted-to.pdf>
Package pdftex.def Info: ./fig/pipeline_mul2-eps-converted-to.pdf  used on inpu
t line 741.
(pdftex.def)             Requested size: 163.14848pt x 102.3075pt.


LaTeX Warning: Reference `alg:prng1' on page 16 undefined on input line 787.


LaTeX Warning: Reference `alg:prng2' on page 16 undefined on input line 787.


LaTeX Warning: Reference `alg:prng1' on page 16 undefined on input line 787.


LaTeX Warning: Reference `alg:prng2' on page 16 undefined on input line 787.


LaTeX Warning: Reference `alg:prng1' on page 16 undefined on input line 787.


LaTeX Warning: Reference `alg:prng2' on page 16 undefined on input line 787.


LaTeX Warning: Reference `alg:prng2' on page 16 undefined on input line 788.


LaTeX Warning: Reference `table:success_rate' on page 16 undefined on input lin
e 788.

[16 <./fig/pipeline_mul-eps-converted-to.pdf> <./fig/pipeline_mul2-eps-converte
d-to.pdf>]
Underfull \vbox (badness 1117) has occurred while \output is active []

 [17]

LaTeX Warning: Reference `alg:prng2' on page 18 undefined on input line 793.


LaTeX Warning: Reference `alg:prng2' on page 18 undefined on input line 793.


LaTeX Warning: Reference `alg:prng1' on page 18 undefined on input line 801.


LaTeX Warning: Reference `alg:prng2' on page 18 undefined on input line 801.


LaTeX Warning: Citation `laue2007compact' on page 18 undefined on input line 80
3.


LaTeX Warning: Citation `cherkaoui2013very' on page 18 undefined on input line 
803.


Overfull \hbox (17.48033pt too wide) in paragraph at lines 801--805
\OT1/cmr/m/n/10 able de-ter-min-is-tic gen-er-a-tion of ran-dom num-bers (\OT1/
cmr/m/it/10 i.e.\OT1/cmr/m/n/10 , the func-tion of $\OML/cmm/m/it/10 SecureRand
\OT1/cmr/m/n/10 (\OMS/cmsy/m/n/10 ^^A\OT1/cmr/m/n/10 )$
 []


LaTeX Warning: Reference `alg:prng1' on page 18 undefined on input line 828.


LaTeX Warning: Reference `alg:prng2' on page 18 undefined on input line 833.


LaTeX Warning: Reference `alg:prng2' on page 18 undefined on input line 835.

[18]

LaTeX Warning: Reference `alg:prng2' on page 19 undefined on input line 840.


Overfull \hbox (13.72105pt too wide) detected at line 841
[] \OML/cmm/m/it/10 =Pr\OT1/cmr/m/n/10 ([])
 []


LaTeX Warning: Reference `alg:prng2' on page 19 undefined on input line 845.


Overfull \hbox (56.11pt too wide) detected at line 846
[] \OML/cmm/m/it/10 =Pr\OT1/cmr/m/n/10 ([])
 []


LaTeX Warning: Reference `table:success_rate' on page 19 undefined on input lin
e 850.


LaTeX Warning: Reference `table:success_rate' on page 19 undefined on input lin
e 850.


LaTeX Warning: Reference `alg:prng2' on page 19 undefined on input line 872.

Package epstopdf Info: Source file: <./fig/pipeline_rng.eps>
(epstopdf)                    date: 2019-05-01 08:23:33
(epstopdf)                    size: 222475 bytes
(epstopdf)             Output file: <./fig/pipeline_rng-eps-converted-to.pdf>
(epstopdf)             Command: <repstopdf --outfile=./fig/pipeline_rng-eps-con
verted-to.pdf ./fig/pipeline_rng.eps>
(epstopdf)             \includegraphics on input line 888.
runsystem(repstopdf --outfile=./fig/pipeline_rng-eps-converted-to.pdf ./fig/pip
eline_rng.eps)...executed safely (allowed).

Package epstopdf Info: Result file: <./fig/pipeline_rng-eps-converted-to.pdf>
(epstopdf)                    date: 2019-05-01 08:32:23
(epstopdf)                    size: 26931 bytes.
<./fig/pipeline_rng-eps-converted-to.pdf, id=487, 511.9125pt x 266.9975pt>
File: ./fig/pipeline_rng-eps-converted-to.pdf Graphic file (type pdf)
<use ./fig/pipeline_rng-eps-converted-to.pdf>
Package pdftex.def Info: ./fig/pipeline_rng-eps-converted-to.pdf  used on input
 line 888.
(pdftex.def)             Requested size: 156.20453pt x 81.46873pt.

LaTeX Warning: Reference `alg:prng2' on page 19 undefined on input line 889.


LaTeX Warning: Reference `alg:prng2' on page 19 undefined on input line 889.

Package epstopdf Info: Source file: <./fig/pipeline_rng2.eps>
(epstopdf)                    date: 2019-05-01 08:23:33
(epstopdf)                    size: 223269 bytes
(epstopdf)             Output file: <./fig/pipeline_rng2-eps-converted-to.pdf>
(epstopdf)             Command: <repstopdf --outfile=./fig/pipeline_rng2-eps-co
nverted-to.pdf ./fig/pipeline_rng2.eps>
(epstopdf)             \includegraphics on input line 894.
runsystem(repstopdf --outfile=./fig/pipeline_rng2-eps-converted-to.pdf ./fig/pi
peline_rng2.eps)...executed safely (allowed).

Package epstopdf Info: Result file: <./fig/pipeline_rng2-eps-converted-to.pdf>
(epstopdf)                    date: 2019-05-01 08:32:23
(epstopdf)                    size: 28300 bytes.
<./fig/pipeline_rng2-eps-converted-to.pdf, id=488, 418.56375pt x 278.03876pt>
File: ./fig/pipeline_rng2-eps-converted-to.pdf Graphic file (type pdf)
<use ./fig/pipeline_rng2-eps-converted-to.pdf>
Package pdftex.def Info: ./fig/pipeline_rng2-eps-converted-to.pdf  used on inpu
t line 894.
(pdftex.def)             Requested size: 156.20453pt x 103.75941pt.

LaTeX Warning: Reference `alg:prng2' on page 19 undefined on input line 895.


LaTeX Warning: Reference `alg:prng2' on page 19 undefined on input line 895.

Package epstopdf Info: Source file: <./fig/pipeline_rng3.eps>
(epstopdf)                    date: 2019-05-01 08:23:33
(epstopdf)                    size: 229406 bytes
(epstopdf)             Output file: <./fig/pipeline_rng3-eps-converted-to.pdf>
(epstopdf)             Command: <repstopdf --outfile=./fig/pipeline_rng3-eps-co
nverted-to.pdf ./fig/pipeline_rng3.eps>
(epstopdf)             \includegraphics on input line 899.
runsystem(repstopdf --outfile=./fig/pipeline_rng3-eps-converted-to.pdf ./fig/pi
peline_rng3.eps)...executed safely (allowed).

Package epstopdf Info: Result file: <./fig/pipeline_rng3-eps-converted-to.pdf>
(epstopdf)                    date: 2019-05-01 08:32:24
(epstopdf)                    size: 30874 bytes.
<./fig/pipeline_rng3-eps-converted-to.pdf, id=489, 475.7775pt x 343.2825pt>
File: ./fig/pipeline_rng3-eps-converted-to.pdf Graphic file (type pdf)
<use ./fig/pipeline_rng3-eps-converted-to.pdf>
Package pdftex.def Info: ./fig/pipeline_rng3-eps-converted-to.pdf  used on inpu
t line 899.
(pdftex.def)             Requested size: 156.20453pt x 112.70213pt.

LaTeX Warning: Reference `alg:prng2' on page 19 undefined on input line 900.


LaTeX Warning: Reference `alg:prng2' on page 19 undefined on input line 900.

Package epstopdf Info: Source file: <./fig/BIKE-1.eps>
(epstopdf)                    date: 2019-05-01 08:23:33
(epstopdf)                    size: 260362 bytes
(epstopdf)             Output file: <./fig/BIKE-1-eps-converted-to.pdf>
(epstopdf)             Command: <repstopdf --outfile=./fig/BIKE-1-eps-converted
-to.pdf ./fig/BIKE-1.eps>
(epstopdf)             \includegraphics on input line 910.
runsystem(repstopdf --outfile=./fig/BIKE-1-eps-converted-to.pdf ./fig/BIKE-1.ep
s)...executed safely (allowed).

Package epstopdf Info: Result file: <./fig/BIKE-1-eps-converted-to.pdf>
(epstopdf)                    date: 2019-05-01 08:32:24
(epstopdf)                    size: 61856 bytes.
<./fig/BIKE-1-eps-converted-to.pdf, id=490, 644.4075pt x 353.32pt>
File: ./fig/BIKE-1-eps-converted-to.pdf Graphic file (type pdf)
<use ./fig/BIKE-1-eps-converted-to.pdf>
Package pdftex.def Info: ./fig/BIKE-1-eps-converted-to.pdf  used on input line 
910.
(pdftex.def)             Requested size: 163.14848pt x 89.45116pt.
Package epstopdf Info: Source file: <./fig/BIKE-2.eps>
(epstopdf)                    date: 2019-05-01 08:23:33
(epstopdf)                    size: 240185 bytes
(epstopdf)             Output file: <./fig/BIKE-2-eps-converted-to.pdf>
(epstopdf)             Command: <repstopdf --outfile=./fig/BIKE-2-eps-converted
-to.pdf ./fig/BIKE-2.eps>
(epstopdf)             \includegraphics on input line 916.
runsystem(repstopdf --outfile=./fig/BIKE-2-eps-converted-to.pdf ./fig/BIKE-2.ep
s)...executed safely (allowed).

Package epstopdf Info: Result file: <./fig/BIKE-2-eps-converted-to.pdf>
(epstopdf)                    date: 2019-05-01 08:32:25
(epstopdf)                    size: 45336 bytes.
<./fig/BIKE-2-eps-converted-to.pdf, id=491, 589.20125pt x 243.91125pt>
File: ./fig/BIKE-2-eps-converted-to.pdf Graphic file (type pdf)
<use ./fig/BIKE-2-eps-converted-to.pdf>
Package pdftex.def Info: ./fig/BIKE-2-eps-converted-to.pdf  used on input line 
916.
(pdftex.def)             Requested size: 163.14848pt x 67.53915pt.
Package epstopdf Info: Source file: <./fig/BIKE-3.eps>
(epstopdf)                    date: 2019-05-01 08:23:33
(epstopdf)                    size: 244580 bytes
(epstopdf)             Output file: <./fig/BIKE-3-eps-converted-to.pdf>
(epstopdf)             Command: <repstopdf --outfile=./fig/BIKE-3-eps-converted
-to.pdf ./fig/BIKE-3.eps>
(epstopdf)             \includegraphics on input line 921.
runsystem(repstopdf --outfile=./fig/BIKE-3-eps-converted-to.pdf ./fig/BIKE-3.ep
s)...executed safely (allowed).

Package epstopdf Info: Result file: <./fig/BIKE-3-eps-converted-to.pdf>
(epstopdf)                    date: 2019-05-01 08:32:26
(epstopdf)                    size: 47481 bytes.
<./fig/BIKE-3-eps-converted-to.pdf, id=492, 620.3175pt x 287.0725pt>
File: ./fig/BIKE-3-eps-converted-to.pdf Graphic file (type pdf)
<use ./fig/BIKE-3-eps-converted-to.pdf>
Package pdftex.def Info: ./fig/BIKE-3-eps-converted-to.pdf  used on input line 
921.
(pdftex.def)             Requested size: 163.14848pt x 75.50002pt.

LaTeX Warning: Reference `alg:bike1_keygen' on page 19 undefined on input line 
928.


LaTeX Warning: Reference `alg:bike2_keygen' on page 19 undefined on input line 
928.


LaTeX Warning: Reference `alg:bike3_keygen' on page 19 undefined on input line 
928.


LaTeX Warning: Reference `fig:bike1' on page 19 undefined on input line 928.


LaTeX Warning: Reference `fig:bike2' on page 19 undefined on input line 928.


LaTeX Warning: Reference `fig:bike3' on page 19 undefined on input line 928.

[19]

LaTeX Warning: Reference `algo:ITA' on page 20 undefined on input line 930.


LaTeX Warning: Reference `fig:pipeline_squ2' on page 20 undefined on input line
 932.


LaTeX Warning: Reference `fig:pipeline_mul2' on page 20 undefined on input line
 932.


LaTeX Warning: Reference `fig:pipeline_rng3' on page 20 undefined on input line
 932.

[20 <./fig/pipeline_rng-eps-converted-to.pdf> <./fig/pipeline_rng2-eps-converte
d-to.pdf> <./fig/pipeline_rng3-eps-converted-to.pdf>]

LaTeX Warning: Reference `table:expresult' on page 21 undefined on input line 9
68.

[21 <./fig/BIKE-1-eps-converted-to.pdf> <./fig/BIKE-2-eps-converted-to.pdf> <./
fig/BIKE-3-eps-converted-to.pdf>]

LaTeX Warning: Reference `table:compare' on page 22 undefined on input line 972
.


LaTeX Warning: Citation `aragon2017bike' on page 22 undefined on input line 973
.


LaTeX Warning: Citation `von2014lightweight' on page 22 undefined on input line
 973.


LaTeX Warning: Citation `maurich2015implementing' on page 22 undefined on input
 line 973.


LaTeX Warning: Citation `maurich2015implementing' on page 22 undefined on input
 line 973.


LaTeX Warning: Citation `drucker2017toolbox' on page 22 undefined on input line
 973.


LaTeX Warning: Citation `drucker2017toolbox' on page 22 undefined on input line
 974.


Underfull \vbox (badness 10000) has occurred while \output is active []

 [22]

LaTeX Warning: Citation `aragon2017bike' on page 23 undefined on input line 996
.


LaTeX Warning: Citation `drucker2017toolbox' on page 23 undefined on input line
 996.


LaTeX Warning: Citation `aragon2017bike' on page 23 undefined on input line 996
.


LaTeX Warning: Citation `drucker2017toolbox' on page 23 undefined on input line
 996.


LaTeX Warning: Citation `maurich2015implementing' on page 23 undefined on input
 line 996.


LaTeX Warning: Citation `aragon2017bike' on page 23 undefined on input line 996
.


LaTeX Warning: Citation `wang2018fpga' on page 23 undefined on input line 1019.



LaTeX Warning: Citation `wang2018fpga' on page 23 undefined on input line 1019.



LaTeX Warning: Citation `shoufan2010novel' on page 23 undefined on input line 1
019.


LaTeX Warning: Citation `wang2018fpga' on page 23 undefined on input line 1023.



LaTeX Warning: Citation `shoufan2010novel' on page 23 undefined on input line 1
023.


LaTeX Warning: Citation `wang2018fpga' on page 23 undefined on input line 1023.



LaTeX Warning: Citation `wang2018fpga' on page 23 undefined on input line 1023.



Underfull \vbox (badness 7326) has occurred while \output is active []

 [23]
No file paper.bbl.
[24] (./paper.aux)

LaTeX Font Warning: Some font shapes were not available, defaults substituted.


LaTeX Warning: There were undefined references.


LaTeX Warning: Label(s) may have changed. Rerun to get cross-references right.

 ) 
Here is how much of TeX's memory you used:
 7036 strings out of 492649
 106733 string characters out of 6129622
 202079 words of memory out of 5000000
 10768 multiletter control sequences out of 15000+600000
 15661 words of font info for 57 fonts, out of 8000000 for 9000
 1141 hyphenation exceptions out of 8191
 36i,18n,40p,2227b,489s stack positions out of 5000i,500n,10000p,200000b,80000s
</usr/local/texlive/2018/texmf-dist/fonts/type1/public/amsfonts/cm/cmbx10.pfb
></usr/local/texlive/2018/texmf-dist/fonts/type1/public/amsfonts/cm/cmbx12.pfb>
</usr/local/texlive/2018/texmf-dist/fonts/type1/public/amsfonts/cm/cmbx7.pfb></
usr/local/texlive/2018/texmf-dist/fonts/type1/public/amsfonts/cm/cmbx9.pfb></us
r/local/texlive/2018/texmf-dist/fonts/type1/public/amsfonts/cm/cmbxti10.pfb></u
sr/local/texlive/2018/texmf-dist/fonts/type1/public/amsfonts/cm/cmex10.pfb></us
r/local/texlive/2018/texmf-dist/fonts/type1/public/amsfonts/cm/cmmi10.pfb></usr
/local/texlive/2018/texmf-dist/fonts/type1/public/amsfonts/cm/cmmi5.pfb></usr/l
ocal/texlive/2018/texmf-dist/fonts/type1/public/amsfonts/cm/cmmi6.pfb></usr/loc
al/texlive/2018/texmf-dist/fonts/type1/public/amsfonts/cm/cmmi7.pfb></usr/local
/texlive/2018/texmf-dist/fonts/type1/public/amsfonts/cm/cmmi9.pfb></usr/local/t
exlive/2018/texmf-dist/fonts/type1/public/amsfonts/cm/cmmib10.pfb></usr/local/t
exlive/2018/texmf-dist/fonts/type1/public/amsfonts/cmextra/cmmib7.pfb></usr/loc
al/texlive/2018/texmf-dist/fonts/type1/public/amsfonts/cm/cmr10.pfb></usr/local
/texlive/2018/texmf-dist/fonts/type1/public/amsfonts/cm/cmr5.pfb></usr/local/te
xlive/2018/texmf-dist/fonts/type1/public/amsfonts/cm/cmr6.pfb></usr/local/texli
ve/2018/texmf-dist/fonts/type1/public/amsfonts/cm/cmr7.pfb></usr/local/texlive/
2018/texmf-dist/fonts/type1/public/amsfonts/cm/cmr9.pfb></usr/local/texlive/201
8/texmf-dist/fonts/type1/public/amsfonts/cm/cmsy10.pfb></usr/local/texlive/2018
/texmf-dist/fonts/type1/public/amsfonts/cm/cmsy5.pfb></usr/local/texlive/2018/t
exmf-dist/fonts/type1/public/amsfonts/cm/cmsy6.pfb></usr/local/texlive/2018/tex
mf-dist/fonts/type1/public/amsfonts/cm/cmsy7.pfb></usr/local/texlive/2018/texmf
-dist/fonts/type1/public/amsfonts/cm/cmsy9.pfb></usr/local/texlive/2018/texmf-d
ist/fonts/type1/public/amsfonts/cm/cmti10.pfb></usr/local/texlive/2018/texmf-di
st/fonts/type1/public/amsfonts/cm/cmti9.pfb></usr/local/texlive/2018/texmf-dist
/fonts/type1/public/amsfonts/cm/cmtt9.pfb></usr/local/texlive/2018/texmf-dist/f
onts/type1/public/amsfonts/symbols/msbm10.pfb>
Output written on paper.pdf (24 pages, 897581 bytes).
PDF statistics:
 742 PDF objects out of 1000 (max. 8388607)
 479 compressed objects within 5 object streams
 0 named destinations out of 1000 (max. 500000)
 106 words of extra memory for PDF output out of 10000 (max. 10000000)

